                                      1 ;--------------------------------------------------------
                                      2 ; File Created by SDCC : free open source ISO C Compiler 
                                      3 ; Version 4.4.1 #14650 (MINGW64)
                                      4 ;--------------------------------------------------------
                                      5 	.module tileset
                                      6 	.optsdcc -msm83
                                      7 	
                                      8 ;--------------------------------------------------------
                                      9 ; Public variables in this module
                                     10 ;--------------------------------------------------------
                                     11 	.globl _char_to_tile
                                     12 	.globl _tileset
                                     13 ;--------------------------------------------------------
                                     14 ; special function registers
                                     15 ;--------------------------------------------------------
                                     16 ;--------------------------------------------------------
                                     17 ; ram data
                                     18 ;--------------------------------------------------------
                                     19 	.area _DATA
                                     20 ;--------------------------------------------------------
                                     21 ; ram data
                                     22 ;--------------------------------------------------------
                                     23 	.area _INITIALIZED
                                     24 ;--------------------------------------------------------
                                     25 ; absolute external ram data
                                     26 ;--------------------------------------------------------
                                     27 	.area _DABS (ABS)
                                     28 ;--------------------------------------------------------
                                     29 ; global & static initialisations
                                     30 ;--------------------------------------------------------
                                     31 	.area _HOME
                                     32 	.area _GSINIT
                                     33 	.area _GSFINAL
                                     34 	.area _GSINIT
                                     35 ;--------------------------------------------------------
                                     36 ; Home
                                     37 ;--------------------------------------------------------
                                     38 	.area _HOME
                                     39 	.area _HOME
                                     40 ;--------------------------------------------------------
                                     41 ; code
                                     42 ;--------------------------------------------------------
                                     43 	.area _CODE
                                     44 	.area _CODE
    00000000                         45 _tileset:
    00000000 00                      46 	.db #0x00	; 0
    00000001 00                      47 	.db #0x00	; 0
    00000002 00                      48 	.db #0x00	; 0
    00000003 00                      49 	.db #0x00	; 0
    00000004 00                      50 	.db #0x00	; 0
    00000005 00                      51 	.db #0x00	; 0
    00000006 00                      52 	.db #0x00	; 0
    00000007 00                      53 	.db #0x00	; 0
    00000008 00                      54 	.db #0x00	; 0
    00000009 00                      55 	.db #0x00	; 0
    0000000A 00                      56 	.db #0x00	; 0
    0000000B 00                      57 	.db #0x00	; 0
    0000000C 00                      58 	.db #0x00	; 0
    0000000D 00                      59 	.db #0x00	; 0
    0000000E 00                      60 	.db #0x00	; 0
    0000000F 00                      61 	.db #0x00	; 0
    00000010 FF                      62 	.db #0xff	; 255
    00000011 FF                      63 	.db #0xff	; 255
    00000012 FF                      64 	.db #0xff	; 255
    00000013 FF                      65 	.db #0xff	; 255
    00000014 FF                      66 	.db #0xff	; 255
    00000015 FF                      67 	.db #0xff	; 255
    00000016 FF                      68 	.db #0xff	; 255
    00000017 FF                      69 	.db #0xff	; 255
    00000018 FF                      70 	.db #0xff	; 255
    00000019 FF                      71 	.db #0xff	; 255
    0000001A FF                      72 	.db #0xff	; 255
    0000001B FF                      73 	.db #0xff	; 255
    0000001C FF                      74 	.db #0xff	; 255
    0000001D FF                      75 	.db #0xff	; 255
    0000001E FF                      76 	.db #0xff	; 255
    0000001F FF                      77 	.db #0xff	; 255
    00000020                         78 _char_to_tile:
    00000020 00                      79 	.db #0x00	; 0
    00000021 00                      80 	.db #0x00	; 0
    00000022 00                      81 	.db #0x00	; 0
    00000023 00                      82 	.db #0x00	; 0
    00000024 00                      83 	.db #0x00	; 0
    00000025 00                      84 	.db #0x00	; 0
    00000026 00                      85 	.db #0x00	; 0
    00000027 00                      86 	.db #0x00	; 0
    00000028 00                      87 	.db #0x00	; 0
    00000029 00                      88 	.db #0x00	; 0
    0000002A 00                      89 	.db #0x00	; 0
    0000002B 00                      90 	.db #0x00	; 0
    0000002C 00                      91 	.db #0x00	; 0
    0000002D 00                      92 	.db #0x00	; 0
    0000002E 00                      93 	.db #0x00	; 0
    0000002F 00                      94 	.db #0x00	; 0
    00000030 00                      95 	.db #0x00	; 0
    00000031 00                      96 	.db #0x00	; 0
    00000032 00                      97 	.db #0x00	; 0
    00000033 00                      98 	.db #0x00	; 0
    00000034 00                      99 	.db #0x00	; 0
    00000035 00                     100 	.db #0x00	; 0
    00000036 00                     101 	.db #0x00	; 0
    00000037 00                     102 	.db #0x00	; 0
    00000038 00                     103 	.db #0x00	; 0
    00000039 00                     104 	.db #0x00	; 0
    0000003A 00                     105 	.db #0x00	; 0
    0000003B 00                     106 	.db #0x00	; 0
    0000003C 00                     107 	.db #0x00	; 0
    0000003D 00                     108 	.db #0x00	; 0
    0000003E 00                     109 	.db #0x00	; 0
    0000003F 00                     110 	.db #0x00	; 0
    00000040 00                     111 	.db #0x00	; 0
    00000041 00                     112 	.db #0x00	; 0
    00000042 00                     113 	.db #0x00	; 0
    00000043 01                     114 	.db #0x01	; 1
                                    115 	.area _INITIALIZER
                                    116 	.area _CABS (ABS)
